0 info it worked if it ends with ok
1 verbose cli [ 'C:\\Program Files\\nodejs\\\\node.exe',
1 verbose cli   'C:\\Program Files\\nodejs\\node_modules\\npm\\bin\\npm-cli.js',
1 verbose cli   'install',
1 verbose cli   'sqlite3' ]
2 info using npm@1.1.62
3 info using node@v0.8.11
4 verbose node symlink C:\Program Files\nodejs\\node.exe
5 verbose read json C:\Users\Bill Yeh\workspace\HymnalBackend\HymnalNodeServe\package.json
6 verbose read json C:\Users\Bill Yeh\workspace\HymnalBackend\HymnalNodeServe\node_modules\mime\package.json
7 verbose read json C:\Users\Bill Yeh\workspace\HymnalBackend\HymnalNodeServe\package.json
8 verbose cache add [ 'sqlite3', null ]
9 silly cache add name=undefined spec="sqlite3" args=["sqlite3",null]
10 verbose parsed url { pathname: 'sqlite3', path: 'sqlite3', href: 'sqlite3' }
11 silly lockFile b54e393c-sqlite3 sqlite3
12 verbose lock sqlite3 C:\Users\Bill Yeh\AppData\Roaming\npm-cache\b54e393c-sqlite3.lock
13 silly lockFile b54e393c-sqlite3 sqlite3
14 verbose addNamed [ 'sqlite3', '' ]
15 verbose addNamed [ null, '' ]
16 silly lockFile b9879749-sqlite3 sqlite3@
17 verbose lock sqlite3@ C:\Users\Bill Yeh\AppData\Roaming\npm-cache\b9879749-sqlite3.lock
18 silly addNameRange { name: 'sqlite3', range: '', hasData: false }
19 verbose url raw sqlite3
20 verbose url resolving [ 'https://registry.npmjs.org/', './sqlite3' ]
21 verbose url resolved https://registry.npmjs.org/sqlite3
22 info trying registry request attempt 1 at 15:12:57
23 http GET https://registry.npmjs.org/sqlite3
24 http 200 https://registry.npmjs.org/sqlite3
25 silly registry.get cb [ 200,
25 silly registry.get   { vary: 'Accept',
25 silly registry.get     server: 'CouchDB/1.2.0 (Erlang OTP/R15B)',
25 silly registry.get     etag: '"AVX799VJ6FRPBW1DB6VJSC16"',
25 silly registry.get     date: 'Tue, 04 Dec 2012 23:12:16 GMT',
25 silly registry.get     'content-type': 'application/json',
25 silly registry.get     'content-length': '51634' } ]
26 silly addNameRange number 2 { name: 'sqlite3', range: '', hasData: true }
27 silly addNameRange versions [ 'sqlite3',
27 silly addNameRange   [ '2.0.0',
27 silly addNameRange     '2.0.1',
27 silly addNameRange     '2.0.2',
27 silly addNameRange     '2.0.3',
27 silly addNameRange     '2.0.4',
27 silly addNameRange     '2.0.5',
27 silly addNameRange     '2.0.6',
27 silly addNameRange     '2.0.7',
27 silly addNameRange     '2.0.8',
27 silly addNameRange     '2.0.9',
27 silly addNameRange     '2.0.10',
27 silly addNameRange     '2.0.11',
27 silly addNameRange     '2.0.12',
27 silly addNameRange     '2.0.13',
27 silly addNameRange     '2.0.14',
27 silly addNameRange     '2.0.15',
27 silly addNameRange     '2.0.16',
27 silly addNameRange     '2.0.17',
27 silly addNameRange     '2.0.18',
27 silly addNameRange     '2.1.0',
27 silly addNameRange     '2.1.1',
27 silly addNameRange     '2.1.2',
27 silly addNameRange     '2.1.3',
27 silly addNameRange     '2.1.4',
27 silly addNameRange     '2.1.5' ] ]
28 verbose addNamed [ 'sqlite3', '2.1.5' ]
29 verbose addNamed [ '2.1.5', '2.1.5' ]
30 silly lockFile cdee03cf-sqlite3-2-1-5 sqlite3@2.1.5
31 verbose lock sqlite3@2.1.5 C:\Users\Bill Yeh\AppData\Roaming\npm-cache\cdee03cf-sqlite3-2-1-5.lock
32 silly lockFile 46e5a27a-js-org-sqlite3-sqlite3-2-1-5-tgz https://registry.npmjs.org/sqlite3/-/sqlite3-2.1.5.tgz
33 verbose lock https://registry.npmjs.org/sqlite3/-/sqlite3-2.1.5.tgz C:\Users\Bill Yeh\AppData\Roaming\npm-cache\46e5a27a-js-org-sqlite3-sqlite3-2-1-5-tgz.lock
34 verbose addRemoteTarball [ 'https://registry.npmjs.org/sqlite3/-/sqlite3-2.1.5.tgz',
34 verbose addRemoteTarball   '8538815b6989ae0491fe09f0259299c7af4220a2' ]
35 info retry fetch attempt 1 at 15:13:01
36 verbose fetch to= C:\Users\BILLYE~1\AppData\Local\Temp\npm-5424\1354662781925-0.17995168175548315\tmp.tgz
37 http GET https://registry.npmjs.org/sqlite3/-/sqlite3-2.1.5.tgz
38 http 200 https://registry.npmjs.org/sqlite3/-/sqlite3-2.1.5.tgz
39 silly shasum updated bytes 40960
40 silly shasum updated bytes 40960
41 silly shasum updated bytes 40960
42 silly shasum updated bytes 40960
43 silly shasum updated bytes 40960
44 silly shasum updated bytes 40960
45 silly shasum updated bytes 40960
46 silly shasum updated bytes 40960
47 silly shasum updated bytes 40960
48 silly shasum updated bytes 40960
49 silly shasum updated bytes 40960
50 silly shasum updated bytes 40960
51 silly shasum updated bytes 40960
52 silly shasum updated bytes 40960
53 silly shasum updated bytes 40960
54 silly shasum updated bytes 40960
55 silly shasum updated bytes 40960
56 silly shasum updated bytes 40960
57 silly shasum updated bytes 40960
58 silly shasum updated bytes 40960
59 silly shasum updated bytes 40960
60 silly shasum updated bytes 40960
61 silly shasum updated bytes 40960
62 silly shasum updated bytes 40960
63 silly shasum updated bytes 40960
64 silly shasum updated bytes 40960
65 silly shasum updated bytes 40960
66 silly shasum updated bytes 40960
67 silly shasum updated bytes 40960
68 silly shasum updated bytes 40960
69 silly shasum updated bytes 40960
70 silly shasum updated bytes 40960
71 silly shasum updated bytes 40960
72 silly shasum updated bytes 40960
73 silly shasum updated bytes 40960
74 silly shasum updated bytes 40960
75 silly shasum updated bytes 40960
76 silly shasum updated bytes 40960
77 silly shasum updated bytes 40960
78 silly shasum updated bytes 40960
79 silly shasum updated bytes 40960
80 silly shasum updated bytes 40960
81 silly shasum updated bytes 40960
82 silly shasum updated bytes 40960
83 silly shasum updated bytes 40960
84 silly shasum updated bytes 40960
85 silly shasum updated bytes 40960
86 silly shasum updated bytes 40960
87 silly shasum updated bytes 40960
88 silly shasum updated bytes 40960
89 silly shasum updated bytes 40803
90 info shasum 8538815b6989ae0491fe09f0259299c7af4220a2
90 info shasum C:\Users\BILLYE~1\AppData\Local\Temp\npm-5424\1354662781925-0.17995168175548315\tmp.tgz
91 verbose tar unpack C:\Users\BILLYE~1\AppData\Local\Temp\npm-5424\1354662781925-0.17995168175548315\tmp.tgz
92 silly lockFile 1dd4754c-1925-0-17995168175548315-package C:\Users\BILLYE~1\AppData\Local\Temp\npm-5424\1354662781925-0.17995168175548315\package
93 verbose lock C:\Users\BILLYE~1\AppData\Local\Temp\npm-5424\1354662781925-0.17995168175548315\package C:\Users\Bill Yeh\AppData\Roaming\npm-cache\1dd4754c-1925-0-17995168175548315-package.lock
94 silly gunzTarPerm modes [ '755', '644' ]
95 silly gunzTarPerm extractEntry package.json
96 silly gunzTarPerm extractEntry .npmignore
97 silly gunzTarPerm extractEntry README.md
98 silly gunzTarPerm extractEntry LICENSE
99 silly gunzTarPerm extractEntry sqlite3.js
100 silly gunzTarPerm extractEntry deps/sqlite3/README
101 silly gunzTarPerm extractEntry deps/sqlite3/Makefile.in
102 silly gunzTarPerm extractEntry deps/sqlite3/config.guess
103 silly gunzTarPerm extractEntry deps/sqlite3/config.sub
104 silly gunzTarPerm extractEntry deps/sqlite3/configure
105 silly gunzTarPerm extractEntry deps/sqlite3/configure.ac
106 silly gunzTarPerm extractEntry deps/sqlite3/depcomp
107 silly gunzTarPerm extractEntry deps/sqlite3/INSTALL
108 silly gunzTarPerm extractEntry deps/sqlite3/install-sh
109 silly gunzTarPerm extractEntry deps/sqlite3/ltmain.sh
110 silly gunzTarPerm extractEntry deps/sqlite3/Makefile.am
111 silly gunzTarPerm extractEntry deps/sqlite3/binding.gyp
112 silly gunzTarPerm extractEntry deps/sqlite3/missing
113 silly gunzTarPerm extractEntry deps/sqlite3/aclocal.m4
114 silly gunzTarPerm extractEntry deps/sqlite3/shell.c
115 silly gunzTarPerm extractEntry deps/sqlite3/sqlite3.1
116 silly gunzTarPerm extractEntry deps/sqlite3/sqlite3.c
117 silly gunzTarPerm extractEntry deps/sqlite3/sqlite3.h
118 silly gunzTarPerm extractEntry deps/sqlite3/sqlite3.pc
119 silly gunzTarPerm extractEntry deps/sqlite3/sqlite3.pc.in
120 silly gunzTarPerm extractEntry deps/sqlite3/sqlite3ext.h
121 silly gunzTarPerm extractEntry deps/sqlite3/tea/README
122 silly gunzTarPerm extractEntry deps/sqlite3/tea/license.terms
123 silly gunzTarPerm extractEntry deps/sqlite3/tea/configure.in
124 silly gunzTarPerm extractEntry deps/sqlite3/tea/doc/sqlite3.n
125 silly gunzTarPerm extractEntry deps/sqlite3/tea/generic/tclsqlite3.c
126 silly gunzTarPerm extractEntry deps/sqlite3/tea/configure
127 silly gunzTarPerm extractEntry deps/sqlite3/tea/Makefile.in
128 silly gunzTarPerm extractEntry deps/sqlite3/tea/pkgIndex.tcl.in
129 silly gunzTarPerm extractEntry deps/sqlite3/tea/aclocal.m4
130 silly gunzTarPerm extractEntry deps/sqlite3/tea/tclconfig/install-sh
131 silly gunzTarPerm extractEntry deps/sqlite3/tea/tclconfig/tcl.m4
132 silly gunzTarPerm extractEntry deps/sqlite3/tea/win/makefile.vc
133 silly gunzTarPerm extractEntry deps/sqlite3/tea/win/nmakehlp.c
134 silly gunzTarPerm extractEntry deps/sqlite3/tea/win/rules.vc
135 silly gunzTarPerm extractEntry examples/simple-chaining.js
136 silly gunzTarPerm extractEntry lib/index.js
137 silly gunzTarPerm extractEntry lib/sqlite3.js
138 silly gunzTarPerm extractEntry lib/trace.js
139 silly gunzTarPerm extractEntry benchmark/insert.js
140 silly gunzTarPerm extractEntry benchmark/insert-transaction.sql
141 silly gunzTarPerm extractEntry Makefile
142 silly gunzTarPerm extractEntry configure
143 silly gunzTarPerm extractEntry binding.gyp
144 silly gunzTarPerm extractEntry src/async.h
145 silly gunzTarPerm extractEntry src/database.cc
146 silly gunzTarPerm extractEntry src/database.h
147 silly gunzTarPerm extractEntry src/macros.h
148 silly gunzTarPerm extractEntry src/node_sqlite3.cc
149 silly gunzTarPerm extractEntry src/statement.cc
150 silly gunzTarPerm extractEntry src/statement.h
151 silly gunzTarPerm extractEntry src/threading.h
152 silly gunzTarPerm extractEntry test/affected.test.js
153 silly gunzTarPerm extractEntry test/extension.test.js
154 silly gunzTarPerm extractEntry test/map.test.js
155 silly gunzTarPerm extractEntry test/named_columns.test.js
156 silly gunzTarPerm extractEntry test/named_params.test.js
157 silly gunzTarPerm extractEntry test/exec.test.js
158 silly gunzTarPerm extractEntry test/open_close.test.js
159 silly gunzTarPerm extractEntry test/other_objects.test.js
160 silly gunzTarPerm extractEntry test/parallel_insert.test.js
161 silly gunzTarPerm extractEntry test/prepare.test.js
162 silly gunzTarPerm extractEntry test/profile.test.js
163 silly gunzTarPerm extractEntry test/each.test.js
164 silly gunzTarPerm extractEntry test/rerun.test.js
165 silly gunzTarPerm extractEntry test/database_fail.test.js
166 silly gunzTarPerm extractEntry test/scheduling.test.js
167 silly gunzTarPerm extractEntry test/constants.test.js
168 silly gunzTarPerm extractEntry test/serialization.test.js
169 silly gunzTarPerm extractEntry test/cache.test.js
170 silly gunzTarPerm extractEntry test/trace.test.js
171 silly gunzTarPerm extractEntry test/blob.test.js
172 silly gunzTarPerm extractEntry test/unicode.test.js
173 silly gunzTarPerm extractEntry test/null_error.test.js
174 silly gunzTarPerm extractEntry test/support/createdb.js
175 silly gunzTarPerm extractEntry test/support/helper.js
176 silly gunzTarPerm extractEntry test/support/elmo.png
177 silly gunzTarPerm extractEntry test/support/prepare.db
178 silly gunzTarPerm extractEntry test/support/script.sql
179 verbose read json C:\Users\BILLYE~1\AppData\Local\Temp\npm-5424\1354662781925-0.17995168175548315\package\package.json
180 silly lockFile 1dd4754c-1925-0-17995168175548315-package C:\Users\BILLYE~1\AppData\Local\Temp\npm-5424\1354662781925-0.17995168175548315\package
181 verbose from cache C:\Users\BILLYE~1\AppData\Local\Temp\npm-5424\1354662781925-0.17995168175548315\package\package.json
182 verbose tar pack [ 'C:\\Users\\Bill Yeh\\AppData\\Roaming\\npm-cache\\sqlite3\\2.1.5\\package.tgz',
182 verbose tar pack   'C:\\Users\\BILLYE~1\\AppData\\Local\\Temp\\npm-5424\\1354662781925-0.17995168175548315\\package' ]
183 verbose tarball C:\Users\Bill Yeh\AppData\Roaming\npm-cache\sqlite3\2.1.5\package.tgz
184 verbose folder C:\Users\BILLYE~1\AppData\Local\Temp\npm-5424\1354662781925-0.17995168175548315\package
185 silly lockFile f2b4a40f--cache-sqlite3-2-1-5-package-tgz C:\Users\Bill Yeh\AppData\Roaming\npm-cache\sqlite3\2.1.5\package.tgz
186 verbose lock C:\Users\Bill Yeh\AppData\Roaming\npm-cache\sqlite3\2.1.5\package.tgz C:\Users\Bill Yeh\AppData\Roaming\npm-cache\f2b4a40f--cache-sqlite3-2-1-5-package-tgz.lock
187 silly lockFile f2b4a40f--cache-sqlite3-2-1-5-package-tgz C:\Users\Bill Yeh\AppData\Roaming\npm-cache\sqlite3\2.1.5\package.tgz
188 silly lockFile 9306ecf2--npm-cache-sqlite3-2-1-5-package C:\Users\Bill Yeh\AppData\Roaming\npm-cache\sqlite3\2.1.5\package
189 verbose lock C:\Users\Bill Yeh\AppData\Roaming\npm-cache\sqlite3\2.1.5\package C:\Users\Bill Yeh\AppData\Roaming\npm-cache\9306ecf2--npm-cache-sqlite3-2-1-5-package.lock
190 silly lockFile 9306ecf2--npm-cache-sqlite3-2-1-5-package C:\Users\Bill Yeh\AppData\Roaming\npm-cache\sqlite3\2.1.5\package
191 verbose tar unpack C:\Users\Bill Yeh\AppData\Roaming\npm-cache\sqlite3\2.1.5\package.tgz
192 silly lockFile 9306ecf2--npm-cache-sqlite3-2-1-5-package C:\Users\Bill Yeh\AppData\Roaming\npm-cache\sqlite3\2.1.5\package
193 verbose lock C:\Users\Bill Yeh\AppData\Roaming\npm-cache\sqlite3\2.1.5\package C:\Users\Bill Yeh\AppData\Roaming\npm-cache\9306ecf2--npm-cache-sqlite3-2-1-5-package.lock
194 silly gunzTarPerm modes [ '755', '644' ]
195 silly gunzTarPerm extractEntry package.json
196 silly gunzTarPerm modified mode [ 'package.json', 438, 420 ]
197 silly gunzTarPerm extractEntry .npmignore
198 silly gunzTarPerm modified mode [ '.npmignore', 438, 420 ]
199 silly gunzTarPerm extractEntry README.md
200 silly gunzTarPerm modified mode [ 'README.md', 438, 420 ]
201 silly gunzTarPerm extractEntry LICENSE
202 silly gunzTarPerm modified mode [ 'LICENSE', 438, 420 ]
203 silly gunzTarPerm extractEntry sqlite3.js
204 silly gunzTarPerm modified mode [ 'sqlite3.js', 438, 420 ]
205 silly gunzTarPerm extractEntry deps/sqlite3/README
206 silly gunzTarPerm modified mode [ 'deps/sqlite3/README', 438, 420 ]
207 silly gunzTarPerm extractEntry deps/sqlite3/Makefile.in
208 silly gunzTarPerm modified mode [ 'deps/sqlite3/Makefile.in', 438, 420 ]
209 silly gunzTarPerm extractEntry deps/sqlite3/config.guess
210 silly gunzTarPerm modified mode [ 'deps/sqlite3/config.guess', 438, 420 ]
211 silly gunzTarPerm extractEntry deps/sqlite3/config.sub
212 silly gunzTarPerm modified mode [ 'deps/sqlite3/config.sub', 438, 420 ]
213 silly gunzTarPerm extractEntry deps/sqlite3/configure
214 silly gunzTarPerm modified mode [ 'deps/sqlite3/configure', 438, 420 ]
215 silly gunzTarPerm extractEntry deps/sqlite3/configure.ac
216 silly gunzTarPerm modified mode [ 'deps/sqlite3/configure.ac', 438, 420 ]
217 silly gunzTarPerm extractEntry deps/sqlite3/depcomp
218 silly gunzTarPerm modified mode [ 'deps/sqlite3/depcomp', 438, 420 ]
219 silly gunzTarPerm extractEntry deps/sqlite3/INSTALL
220 silly gunzTarPerm modified mode [ 'deps/sqlite3/INSTALL', 438, 420 ]
221 silly gunzTarPerm extractEntry deps/sqlite3/install-sh
222 silly gunzTarPerm modified mode [ 'deps/sqlite3/install-sh', 438, 420 ]
223 silly gunzTarPerm extractEntry deps/sqlite3/ltmain.sh
224 silly gunzTarPerm modified mode [ 'deps/sqlite3/ltmain.sh', 438, 420 ]
225 silly gunzTarPerm extractEntry deps/sqlite3/Makefile.am
226 silly gunzTarPerm modified mode [ 'deps/sqlite3/Makefile.am', 438, 420 ]
227 silly gunzTarPerm extractEntry deps/sqlite3/binding.gyp
228 silly gunzTarPerm modified mode [ 'deps/sqlite3/binding.gyp', 438, 420 ]
229 silly gunzTarPerm extractEntry deps/sqlite3/missing
230 silly gunzTarPerm modified mode [ 'deps/sqlite3/missing', 438, 420 ]
231 silly gunzTarPerm extractEntry deps/sqlite3/aclocal.m4
232 silly gunzTarPerm modified mode [ 'deps/sqlite3/aclocal.m4', 438, 420 ]
233 silly gunzTarPerm extractEntry deps/sqlite3/shell.c
234 silly gunzTarPerm modified mode [ 'deps/sqlite3/shell.c', 438, 420 ]
235 silly gunzTarPerm extractEntry deps/sqlite3/sqlite3.1
236 silly gunzTarPerm modified mode [ 'deps/sqlite3/sqlite3.1', 438, 420 ]
237 silly gunzTarPerm extractEntry deps/sqlite3/sqlite3.c
238 silly gunzTarPerm modified mode [ 'deps/sqlite3/sqlite3.c', 438, 420 ]
239 silly gunzTarPerm extractEntry deps/sqlite3/sqlite3.h
240 silly gunzTarPerm modified mode [ 'deps/sqlite3/sqlite3.h', 438, 420 ]
241 silly gunzTarPerm extractEntry deps/sqlite3/sqlite3.pc
242 silly gunzTarPerm modified mode [ 'deps/sqlite3/sqlite3.pc', 438, 420 ]
243 silly gunzTarPerm extractEntry deps/sqlite3/sqlite3.pc.in
244 silly gunzTarPerm modified mode [ 'deps/sqlite3/sqlite3.pc.in', 438, 420 ]
245 silly gunzTarPerm extractEntry deps/sqlite3/sqlite3ext.h
246 silly gunzTarPerm modified mode [ 'deps/sqlite3/sqlite3ext.h', 438, 420 ]
247 silly gunzTarPerm extractEntry deps/sqlite3/tea/README
248 silly gunzTarPerm modified mode [ 'deps/sqlite3/tea/README', 438, 420 ]
249 silly gunzTarPerm extractEntry deps/sqlite3/tea/license.terms
250 silly gunzTarPerm modified mode [ 'deps/sqlite3/tea/license.terms', 438, 420 ]
251 silly gunzTarPerm extractEntry deps/sqlite3/tea/configure.in
252 silly gunzTarPerm modified mode [ 'deps/sqlite3/tea/configure.in', 438, 420 ]
253 silly gunzTarPerm extractEntry deps/sqlite3/tea/doc/sqlite3.n
254 silly gunzTarPerm modified mode [ 'deps/sqlite3/tea/doc/sqlite3.n', 438, 420 ]
255 silly gunzTarPerm extractEntry deps/sqlite3/tea/generic/tclsqlite3.c
256 silly gunzTarPerm modified mode [ 'deps/sqlite3/tea/generic/tclsqlite3.c', 438, 420 ]
257 silly gunzTarPerm extractEntry deps/sqlite3/tea/configure
258 silly gunzTarPerm modified mode [ 'deps/sqlite3/tea/configure', 438, 420 ]
259 silly gunzTarPerm extractEntry deps/sqlite3/tea/Makefile.in
260 silly gunzTarPerm modified mode [ 'deps/sqlite3/tea/Makefile.in', 438, 420 ]
261 silly gunzTarPerm extractEntry deps/sqlite3/tea/pkgIndex.tcl.in
262 silly gunzTarPerm modified mode [ 'deps/sqlite3/tea/pkgIndex.tcl.in', 438, 420 ]
263 silly gunzTarPerm extractEntry deps/sqlite3/tea/aclocal.m4
264 silly gunzTarPerm modified mode [ 'deps/sqlite3/tea/aclocal.m4', 438, 420 ]
265 silly gunzTarPerm extractEntry deps/sqlite3/tea/tclconfig/install-sh
266 silly gunzTarPerm modified mode [ 'deps/sqlite3/tea/tclconfig/install-sh', 438, 420 ]
267 silly gunzTarPerm extractEntry deps/sqlite3/tea/tclconfig/tcl.m4
268 silly gunzTarPerm modified mode [ 'deps/sqlite3/tea/tclconfig/tcl.m4', 438, 420 ]
269 silly gunzTarPerm extractEntry deps/sqlite3/tea/win/makefile.vc
270 silly gunzTarPerm modified mode [ 'deps/sqlite3/tea/win/makefile.vc', 438, 420 ]
271 silly gunzTarPerm extractEntry deps/sqlite3/tea/win/nmakehlp.c
272 silly gunzTarPerm modified mode [ 'deps/sqlite3/tea/win/nmakehlp.c', 438, 420 ]
273 silly gunzTarPerm extractEntry deps/sqlite3/tea/win/rules.vc
274 silly gunzTarPerm modified mode [ 'deps/sqlite3/tea/win/rules.vc', 438, 420 ]
275 silly gunzTarPerm extractEntry examples/simple-chaining.js
276 silly gunzTarPerm modified mode [ 'examples/simple-chaining.js', 438, 420 ]
277 silly gunzTarPerm extractEntry lib/index.js
278 silly gunzTarPerm modified mode [ 'lib/index.js', 438, 420 ]
279 silly gunzTarPerm extractEntry lib/sqlite3.js
280 silly gunzTarPerm modified mode [ 'lib/sqlite3.js', 438, 420 ]
281 silly gunzTarPerm extractEntry lib/trace.js
282 silly gunzTarPerm modified mode [ 'lib/trace.js', 438, 420 ]
283 silly gunzTarPerm extractEntry benchmark/insert.js
284 silly gunzTarPerm modified mode [ 'benchmark/insert.js', 438, 420 ]
285 silly gunzTarPerm extractEntry benchmark/insert-transaction.sql
286 silly gunzTarPerm modified mode [ 'benchmark/insert-transaction.sql', 438, 420 ]
287 silly gunzTarPerm extractEntry Makefile
288 silly gunzTarPerm modified mode [ 'Makefile', 438, 420 ]
289 silly gunzTarPerm extractEntry configure
290 silly gunzTarPerm modified mode [ 'configure', 438, 420 ]
291 silly gunzTarPerm extractEntry binding.gyp
292 silly gunzTarPerm modified mode [ 'binding.gyp', 438, 420 ]
293 silly gunzTarPerm extractEntry src/async.h
294 silly gunzTarPerm modified mode [ 'src/async.h', 438, 420 ]
295 silly gunzTarPerm extractEntry src/database.cc
296 silly gunzTarPerm modified mode [ 'src/database.cc', 438, 420 ]
297 silly gunzTarPerm extractEntry src/database.h
298 silly gunzTarPerm modified mode [ 'src/database.h', 438, 420 ]
299 silly gunzTarPerm extractEntry src/macros.h
300 silly gunzTarPerm modified mode [ 'src/macros.h', 438, 420 ]
301 silly gunzTarPerm extractEntry src/node_sqlite3.cc
302 silly gunzTarPerm modified mode [ 'src/node_sqlite3.cc', 438, 420 ]
303 silly gunzTarPerm extractEntry src/statement.cc
304 silly gunzTarPerm modified mode [ 'src/statement.cc', 438, 420 ]
305 silly gunzTarPerm extractEntry src/statement.h
306 silly gunzTarPerm modified mode [ 'src/statement.h', 438, 420 ]
307 silly gunzTarPerm extractEntry src/threading.h
308 silly gunzTarPerm modified mode [ 'src/threading.h', 438, 420 ]
309 silly gunzTarPerm extractEntry test/affected.test.js
310 silly gunzTarPerm modified mode [ 'test/affected.test.js', 438, 420 ]
311 silly gunzTarPerm extractEntry test/extension.test.js
312 silly gunzTarPerm modified mode [ 'test/extension.test.js', 438, 420 ]
313 silly gunzTarPerm extractEntry test/map.test.js
314 silly gunzTarPerm modified mode [ 'test/map.test.js', 438, 420 ]
315 silly gunzTarPerm extractEntry test/named_columns.test.js
316 silly gunzTarPerm modified mode [ 'test/named_columns.test.js', 438, 420 ]
317 silly gunzTarPerm extractEntry test/named_params.test.js
318 silly gunzTarPerm modified mode [ 'test/named_params.test.js', 438, 420 ]
319 silly gunzTarPerm extractEntry test/exec.test.js
320 silly gunzTarPerm modified mode [ 'test/exec.test.js', 438, 420 ]
321 silly gunzTarPerm extractEntry test/open_close.test.js
322 silly gunzTarPerm modified mode [ 'test/open_close.test.js', 438, 420 ]
323 silly gunzTarPerm extractEntry test/other_objects.test.js
324 silly gunzTarPerm modified mode [ 'test/other_objects.test.js', 438, 420 ]
325 silly gunzTarPerm extractEntry test/parallel_insert.test.js
326 silly gunzTarPerm modified mode [ 'test/parallel_insert.test.js', 438, 420 ]
327 silly gunzTarPerm extractEntry test/prepare.test.js
328 silly gunzTarPerm modified mode [ 'test/prepare.test.js', 438, 420 ]
329 silly gunzTarPerm extractEntry test/profile.test.js
330 silly gunzTarPerm modified mode [ 'test/profile.test.js', 438, 420 ]
331 silly gunzTarPerm extractEntry test/each.test.js
332 silly gunzTarPerm modified mode [ 'test/each.test.js', 438, 420 ]
333 silly gunzTarPerm extractEntry test/rerun.test.js
334 silly gunzTarPerm modified mode [ 'test/rerun.test.js', 438, 420 ]
335 silly gunzTarPerm extractEntry test/database_fail.test.js
336 silly gunzTarPerm modified mode [ 'test/database_fail.test.js', 438, 420 ]
337 silly gunzTarPerm extractEntry test/scheduling.test.js
338 silly gunzTarPerm modified mode [ 'test/scheduling.test.js', 438, 420 ]
339 silly gunzTarPerm extractEntry test/constants.test.js
340 silly gunzTarPerm modified mode [ 'test/constants.test.js', 438, 420 ]
341 silly gunzTarPerm extractEntry test/serialization.test.js
342 silly gunzTarPerm modified mode [ 'test/serialization.test.js', 438, 420 ]
343 silly gunzTarPerm extractEntry test/cache.test.js
344 silly gunzTarPerm modified mode [ 'test/cache.test.js', 438, 420 ]
345 silly gunzTarPerm extractEntry test/trace.test.js
346 silly gunzTarPerm modified mode [ 'test/trace.test.js', 438, 420 ]
347 silly gunzTarPerm extractEntry test/blob.test.js
348 silly gunzTarPerm modified mode [ 'test/blob.test.js', 438, 420 ]
349 silly gunzTarPerm extractEntry test/unicode.test.js
350 silly gunzTarPerm modified mode [ 'test/unicode.test.js', 438, 420 ]
351 silly gunzTarPerm extractEntry test/null_error.test.js
352 silly gunzTarPerm modified mode [ 'test/null_error.test.js', 438, 420 ]
353 silly gunzTarPerm extractEntry test/support/createdb.js
354 silly gunzTarPerm modified mode [ 'test/support/createdb.js', 438, 420 ]
355 silly gunzTarPerm extractEntry test/support/helper.js
356 silly gunzTarPerm modified mode [ 'test/support/helper.js', 438, 420 ]
357 silly gunzTarPerm extractEntry test/support/elmo.png
358 silly gunzTarPerm modified mode [ 'test/support/elmo.png', 438, 420 ]
359 silly gunzTarPerm extractEntry test/support/prepare.db
360 silly gunzTarPerm modified mode [ 'test/support/prepare.db', 438, 420 ]
361 silly gunzTarPerm extractEntry test/support/script.sql
362 silly gunzTarPerm modified mode [ 'test/support/script.sql', 438, 420 ]
363 verbose read json C:\Users\Bill Yeh\AppData\Roaming\npm-cache\sqlite3\2.1.5\package\package.json
364 silly lockFile 9306ecf2--npm-cache-sqlite3-2-1-5-package C:\Users\Bill Yeh\AppData\Roaming\npm-cache\sqlite3\2.1.5\package
365 silly shasum updated bytes 40960
366 silly shasum updated bytes 40960
367 silly shasum updated bytes 40960
368 silly shasum updated bytes 40960
369 silly shasum updated bytes 40960
370 silly shasum updated bytes 40960
371 silly shasum updated bytes 40960
372 silly shasum updated bytes 40960
373 silly shasum updated bytes 40960
374 silly shasum updated bytes 40960
375 silly shasum updated bytes 40960
376 silly shasum updated bytes 40960
377 silly shasum updated bytes 40960
378 silly shasum updated bytes 40960
379 silly shasum updated bytes 40960
380 silly shasum updated bytes 40960
381 silly shasum updated bytes 40960
382 silly shasum updated bytes 40960
383 silly shasum updated bytes 40960
384 silly shasum updated bytes 40960
385 silly shasum updated bytes 40960
386 silly shasum updated bytes 40960
387 silly shasum updated bytes 40960
388 silly shasum updated bytes 40960
389 silly shasum updated bytes 40960
390 silly shasum updated bytes 40960
391 silly shasum updated bytes 40960
392 silly shasum updated bytes 40960
393 silly shasum updated bytes 40960
394 silly shasum updated bytes 40960
395 silly shasum updated bytes 40960
396 silly shasum updated bytes 40960
397 silly shasum updated bytes 40960
398 silly shasum updated bytes 40960
399 silly shasum updated bytes 40960
400 silly shasum updated bytes 40960
401 silly shasum updated bytes 40960
402 silly shasum updated bytes 40960
403 silly shasum updated bytes 40960
404 silly shasum updated bytes 40960
405 silly shasum updated bytes 40960
406 silly shasum updated bytes 40960
407 silly shasum updated bytes 40960
408 silly shasum updated bytes 40960
409 silly shasum updated bytes 40960
410 silly shasum updated bytes 40960
411 silly shasum updated bytes 40960
412 silly shasum updated bytes 40960
413 silly shasum updated bytes 40960
414 silly shasum updated bytes 40960
415 silly shasum updated bytes 40544
416 info shasum aadf1fb2e403ae6c8a8e5dda7d181881ab7764e2
416 info shasum C:\Users\Bill Yeh\AppData\Roaming\npm-cache\sqlite3\2.1.5\package.tgz
417 verbose from cache C:\Users\Bill Yeh\AppData\Roaming\npm-cache\sqlite3\2.1.5\package\package.json
418 verbose chmod C:\Users\Bill Yeh\AppData\Roaming\npm-cache\sqlite3\2.1.5\package.tgz 644
419 silly chown skipping for windows C:\Users\Bill Yeh\AppData\Roaming\npm-cache\sqlite3\2.1.5\package.tgz
420 silly lockFile 46e5a27a-js-org-sqlite3-sqlite3-2-1-5-tgz https://registry.npmjs.org/sqlite3/-/sqlite3-2.1.5.tgz
421 silly lockFile cdee03cf-sqlite3-2-1-5 sqlite3@2.1.5
422 silly lockFile b9879749-sqlite3 sqlite3@
423 silly resolved [ { name: 'sqlite3',
423 silly resolved     description: 'Asynchronous, non-blocking SQLite3 bindings',
423 silly resolved     version: '2.1.5',
423 silly resolved     homepage: 'http://github.com/developmentseed/node-sqlite3',
423 silly resolved     author:
423 silly resolved      { name: 'Development Seed',
423 silly resolved        email: 'info@developmentseed.org',
423 silly resolved        url: 'http://developmentseed.org/' },
423 silly resolved     contributors:
423 silly resolved      [ [Object],
423 silly resolved        [Object],
423 silly resolved        [Object],
423 silly resolved        [Object],
423 silly resolved        [Object],
423 silly resolved        [Object],
423 silly resolved        [Object],
423 silly resolved        [Object],
423 silly resolved        [Object],
423 silly resolved        [Object],
423 silly resolved        [Object],
423 silly resolved        [Object],
423 silly resolved        [Object] ],
423 silly resolved     repository:
423 silly resolved      { type: 'git',
423 silly resolved        url: 'git://github.com/developmentseed/node-sqlite3.git' },
423 silly resolved     devDependencies: { step: '0.0.4', expresso: '*' },
423 silly resolved     engines: { node: '>= 0.6.13 && < 0.9.0' },
423 silly resolved     scripts:
423 silly resolved      { test: 'expresso -I lib test/*.test.js',
423 silly resolved        install: 'node-gyp rebuild' },
423 silly resolved     licenses: [ [Object] ],
423 silly resolved     main: './lib/sqlite3',
423 silly resolved     gypfile: true,
423 silly resolved     readme: '# NAME\n\nnode-sqlite3 - Asynchronous, non-blocking [SQLite3](http://sqlite.org/) bindings for [node.js](https://github.com/joyent/node) 0.2-0.4 (versions 2.0.x), **0.6.13+ and 0.8.x** (versions 2.1.x).\n\n\n\n# USAGE\n\nInstall with `npm install sqlite3`.\n\n``` js\nvar sqlite3 = require(\'sqlite3\').verbose();\nvar db = new sqlite3.Database(\':memory:\');\n\ndb.serialize(function() {\n  db.run("CREATE TABLE lorem (info TEXT)");\n\n  var stmt = db.prepare("INSERT INTO lorem VALUES (?)");\n  for (var i = 0; i < 10; i++) {\n      stmt.run("Ipsum " + i);\n  }\n  stmt.finalize();\n\n  db.each("SELECT rowid AS id, info FROM lorem", function(err, row) {\n      console.log(row.id + ": " + row.info);\n  });\n});\n\ndb.close();\n```\n\n\n\n# FEATURES\n\n* Straightforward query and parameter binding interface\n* Full Buffer/Blob support\n* Extensive [debugging support](https://github.com/developmentseed/node-sqlite3/wiki/Debugging)\n* [Query serialization](https://github.com/developmentseed/node-sqlite3/wiki/Control-Flow) API\n* [Extension support](https://github.com/developmentseed/node-sqlite3/wiki/Extensions)\n* Big test suite\n* Written in modern C++ and tested for memory leaks\n\n\n\n# API\n\nSee the [API documentation](https://github.com/developmentseed/node-sqlite3/wiki) in the wiki.\n\n\n# BUILDING\n\nMake sure you have the sources for `sqlite3` installed. Mac OS X ships with these by default. If you don\'t have them installed, install the `-dev` package with your package manager, e.g. `apt-get install libsqlite3-dev` for Debian/Ubuntu. Make sure that you have at least `libsqlite3` >= 3.6.\n\nTo obtain and build the bindings:\n\n    git clone git://github.com/developmentseed/node-sqlite3.git\n    cd node-sqlite3\n    ./configure\n    make\n\nYou can also use [`npm`](https://github.com/isaacs/npm) to download and install them:\n\n    npm install sqlite3\n\n\n\n# TESTS\n\n[expresso](https://github.com/visionmedia/expresso) is required to run unit tests.\n\n    npm install expresso\n    make test\n\n\n\n# CONTRIBUTORS\n\n* [Konstantin Käfer](https://github.com/kkaefer)\n* [Dane Springmeyer](https://github.com/springmeyer)\n* [Will White](https://github.com/willwhite)\n* [Orlando Vazquez](https://github.com/orlandov)\n* [Artem Kustikov](https://github.com/artiz)\n* [Eric Fredricksen](https://github.com/grumdrig)\n* [John Wright](https://github.com/mrjjwright)\n* [Ryan Dahl](https://github.com/ry)\n* [Tom MacWright](https://github.com/tmcw)\n* [Carter Thaxton](https://github.com/carter-thaxton)\n* [Audrius Kažukauskas](https://github.com/audriusk)\n* [Johannes Schauer](https://github.com/pyneo)\n\n\n\n# ACKNOWLEDGEMENTS\n\nThanks to [Orlando Vazquez](https://github.com/orlandov),\n[Eric Fredricksen](https://github.com/grumdrig) and\n[Ryan Dahl](https://github.com/ry) for their SQLite bindings for node, and to mraleph on Freenode\'s #v8 for answering questions.\n\nDevelopment of this module is sponsored by [Development Seed](http://developmentseed.org/).\n\n\n# LICENSE\n\n`node-sqlite3` is [BSD licensed](https://github.com/developmentseed/node-sqlite3/raw/master/LICENSE).\n',
423 silly resolved     _id: 'sqlite3@2.1.5',
423 silly resolved     dist: { shasum: 'aadf1fb2e403ae6c8a8e5dda7d181881ab7764e2' },
423 silly resolved     _from: 'sqlite3' } ]
424 info install sqlite3@2.1.5 into C:\Users\Bill Yeh\workspace\HymnalBackend\HymnalNodeServe
425 info installOne sqlite3@2.1.5
426 verbose from cache C:\Users\Bill Yeh\AppData\Roaming\npm-cache\sqlite3\2.1.5\package\package.json
427 info C:\Users\Bill Yeh\workspace\HymnalBackend\HymnalNodeServe\node_modules\sqlite3 unbuild
428 verbose read json C:\Users\Bill Yeh\workspace\HymnalBackend\HymnalNodeServe\node_modules\sqlite3\package.json
429 verbose tar unpack C:\Users\Bill Yeh\AppData\Roaming\npm-cache\sqlite3\2.1.5\package.tgz
430 silly lockFile bd173d98-alNodeServe-node-modules-sqlite3 C:\Users\Bill Yeh\workspace\HymnalBackend\HymnalNodeServe\node_modules\sqlite3
431 verbose lock C:\Users\Bill Yeh\workspace\HymnalBackend\HymnalNodeServe\node_modules\sqlite3 C:\Users\Bill Yeh\AppData\Roaming\npm-cache\bd173d98-alNodeServe-node-modules-sqlite3.lock
432 silly gunzTarPerm modes [ '755', '644' ]
433 silly gunzTarPerm extractEntry package.json
434 silly gunzTarPerm modified mode [ 'package.json', 438, 420 ]
435 silly gunzTarPerm extractEntry .npmignore
436 silly gunzTarPerm modified mode [ '.npmignore', 438, 420 ]
437 silly gunzTarPerm extractEntry README.md
438 silly gunzTarPerm modified mode [ 'README.md', 438, 420 ]
439 silly gunzTarPerm extractEntry LICENSE
440 silly gunzTarPerm modified mode [ 'LICENSE', 438, 420 ]
441 silly gunzTarPerm extractEntry sqlite3.js
442 silly gunzTarPerm modified mode [ 'sqlite3.js', 438, 420 ]
443 silly gunzTarPerm extractEntry deps/sqlite3/README
444 silly gunzTarPerm modified mode [ 'deps/sqlite3/README', 438, 420 ]
445 silly gunzTarPerm extractEntry deps/sqlite3/Makefile.in
446 silly gunzTarPerm modified mode [ 'deps/sqlite3/Makefile.in', 438, 420 ]
447 silly gunzTarPerm extractEntry deps/sqlite3/config.guess
448 silly gunzTarPerm modified mode [ 'deps/sqlite3/config.guess', 438, 420 ]
449 silly gunzTarPerm extractEntry deps/sqlite3/config.sub
450 silly gunzTarPerm modified mode [ 'deps/sqlite3/config.sub', 438, 420 ]
451 silly gunzTarPerm extractEntry deps/sqlite3/configure
452 silly gunzTarPerm modified mode [ 'deps/sqlite3/configure', 438, 420 ]
453 silly gunzTarPerm extractEntry deps/sqlite3/configure.ac
454 silly gunzTarPerm modified mode [ 'deps/sqlite3/configure.ac', 438, 420 ]
455 silly gunzTarPerm extractEntry deps/sqlite3/depcomp
456 silly gunzTarPerm modified mode [ 'deps/sqlite3/depcomp', 438, 420 ]
457 silly gunzTarPerm extractEntry deps/sqlite3/INSTALL
458 silly gunzTarPerm modified mode [ 'deps/sqlite3/INSTALL', 438, 420 ]
459 silly gunzTarPerm extractEntry deps/sqlite3/install-sh
460 silly gunzTarPerm modified mode [ 'deps/sqlite3/install-sh', 438, 420 ]
461 silly gunzTarPerm extractEntry deps/sqlite3/ltmain.sh
462 silly gunzTarPerm modified mode [ 'deps/sqlite3/ltmain.sh', 438, 420 ]
463 silly gunzTarPerm extractEntry deps/sqlite3/Makefile.am
464 silly gunzTarPerm modified mode [ 'deps/sqlite3/Makefile.am', 438, 420 ]
465 silly gunzTarPerm extractEntry deps/sqlite3/binding.gyp
466 silly gunzTarPerm modified mode [ 'deps/sqlite3/binding.gyp', 438, 420 ]
467 silly gunzTarPerm extractEntry deps/sqlite3/missing
468 silly gunzTarPerm modified mode [ 'deps/sqlite3/missing', 438, 420 ]
469 silly gunzTarPerm extractEntry deps/sqlite3/aclocal.m4
470 silly gunzTarPerm modified mode [ 'deps/sqlite3/aclocal.m4', 438, 420 ]
471 silly gunzTarPerm extractEntry deps/sqlite3/shell.c
472 silly gunzTarPerm modified mode [ 'deps/sqlite3/shell.c', 438, 420 ]
473 silly gunzTarPerm extractEntry deps/sqlite3/sqlite3.1
474 silly gunzTarPerm modified mode [ 'deps/sqlite3/sqlite3.1', 438, 420 ]
475 silly gunzTarPerm extractEntry deps/sqlite3/sqlite3.c
476 silly gunzTarPerm modified mode [ 'deps/sqlite3/sqlite3.c', 438, 420 ]
477 silly gunzTarPerm extractEntry deps/sqlite3/sqlite3.h
478 silly gunzTarPerm modified mode [ 'deps/sqlite3/sqlite3.h', 438, 420 ]
479 silly gunzTarPerm extractEntry deps/sqlite3/sqlite3.pc
480 silly gunzTarPerm modified mode [ 'deps/sqlite3/sqlite3.pc', 438, 420 ]
481 silly gunzTarPerm extractEntry deps/sqlite3/sqlite3.pc.in
482 silly gunzTarPerm modified mode [ 'deps/sqlite3/sqlite3.pc.in', 438, 420 ]
483 silly gunzTarPerm extractEntry deps/sqlite3/sqlite3ext.h
484 silly gunzTarPerm modified mode [ 'deps/sqlite3/sqlite3ext.h', 438, 420 ]
485 silly gunzTarPerm extractEntry deps/sqlite3/tea/README
486 silly gunzTarPerm modified mode [ 'deps/sqlite3/tea/README', 438, 420 ]
487 silly gunzTarPerm extractEntry deps/sqlite3/tea/license.terms
488 silly gunzTarPerm modified mode [ 'deps/sqlite3/tea/license.terms', 438, 420 ]
489 silly gunzTarPerm extractEntry deps/sqlite3/tea/configure.in
490 silly gunzTarPerm modified mode [ 'deps/sqlite3/tea/configure.in', 438, 420 ]
491 silly gunzTarPerm extractEntry deps/sqlite3/tea/doc/sqlite3.n
492 silly gunzTarPerm modified mode [ 'deps/sqlite3/tea/doc/sqlite3.n', 438, 420 ]
493 silly gunzTarPerm extractEntry deps/sqlite3/tea/generic/tclsqlite3.c
494 silly gunzTarPerm modified mode [ 'deps/sqlite3/tea/generic/tclsqlite3.c', 438, 420 ]
495 silly gunzTarPerm extractEntry deps/sqlite3/tea/configure
496 silly gunzTarPerm modified mode [ 'deps/sqlite3/tea/configure', 438, 420 ]
497 silly gunzTarPerm extractEntry deps/sqlite3/tea/Makefile.in
498 silly gunzTarPerm modified mode [ 'deps/sqlite3/tea/Makefile.in', 438, 420 ]
499 silly gunzTarPerm extractEntry deps/sqlite3/tea/pkgIndex.tcl.in
500 silly gunzTarPerm modified mode [ 'deps/sqlite3/tea/pkgIndex.tcl.in', 438, 420 ]
501 silly gunzTarPerm extractEntry deps/sqlite3/tea/aclocal.m4
502 silly gunzTarPerm modified mode [ 'deps/sqlite3/tea/aclocal.m4', 438, 420 ]
503 silly gunzTarPerm extractEntry deps/sqlite3/tea/tclconfig/install-sh
504 silly gunzTarPerm modified mode [ 'deps/sqlite3/tea/tclconfig/install-sh', 438, 420 ]
505 silly gunzTarPerm extractEntry deps/sqlite3/tea/tclconfig/tcl.m4
506 silly gunzTarPerm modified mode [ 'deps/sqlite3/tea/tclconfig/tcl.m4', 438, 420 ]
507 silly gunzTarPerm extractEntry deps/sqlite3/tea/win/makefile.vc
508 silly gunzTarPerm modified mode [ 'deps/sqlite3/tea/win/makefile.vc', 438, 420 ]
509 silly gunzTarPerm extractEntry deps/sqlite3/tea/win/nmakehlp.c
510 silly gunzTarPerm modified mode [ 'deps/sqlite3/tea/win/nmakehlp.c', 438, 420 ]
511 silly gunzTarPerm extractEntry deps/sqlite3/tea/win/rules.vc
512 silly gunzTarPerm modified mode [ 'deps/sqlite3/tea/win/rules.vc', 438, 420 ]
513 silly gunzTarPerm extractEntry examples/simple-chaining.js
514 silly gunzTarPerm modified mode [ 'examples/simple-chaining.js', 438, 420 ]
515 silly gunzTarPerm extractEntry lib/index.js
516 silly gunzTarPerm modified mode [ 'lib/index.js', 438, 420 ]
517 silly gunzTarPerm extractEntry lib/sqlite3.js
518 silly gunzTarPerm modified mode [ 'lib/sqlite3.js', 438, 420 ]
519 silly gunzTarPerm extractEntry lib/trace.js
520 silly gunzTarPerm modified mode [ 'lib/trace.js', 438, 420 ]
521 silly gunzTarPerm extractEntry benchmark/insert.js
522 silly gunzTarPerm modified mode [ 'benchmark/insert.js', 438, 420 ]
523 silly gunzTarPerm extractEntry benchmark/insert-transaction.sql
524 silly gunzTarPerm modified mode [ 'benchmark/insert-transaction.sql', 438, 420 ]
525 silly gunzTarPerm extractEntry Makefile
526 silly gunzTarPerm modified mode [ 'Makefile', 438, 420 ]
527 silly gunzTarPerm extractEntry configure
528 silly gunzTarPerm modified mode [ 'configure', 438, 420 ]
529 silly gunzTarPerm extractEntry binding.gyp
530 silly gunzTarPerm modified mode [ 'binding.gyp', 438, 420 ]
531 silly gunzTarPerm extractEntry src/async.h
532 silly gunzTarPerm modified mode [ 'src/async.h', 438, 420 ]
533 silly gunzTarPerm extractEntry src/database.cc
534 silly gunzTarPerm modified mode [ 'src/database.cc', 438, 420 ]
535 silly gunzTarPerm extractEntry src/database.h
536 silly gunzTarPerm modified mode [ 'src/database.h', 438, 420 ]
537 silly gunzTarPerm extractEntry src/macros.h
538 silly gunzTarPerm modified mode [ 'src/macros.h', 438, 420 ]
539 silly gunzTarPerm extractEntry src/node_sqlite3.cc
540 silly gunzTarPerm modified mode [ 'src/node_sqlite3.cc', 438, 420 ]
541 silly gunzTarPerm extractEntry src/statement.cc
542 silly gunzTarPerm modified mode [ 'src/statement.cc', 438, 420 ]
543 silly gunzTarPerm extractEntry src/statement.h
544 silly gunzTarPerm modified mode [ 'src/statement.h', 438, 420 ]
545 silly gunzTarPerm extractEntry src/threading.h
546 silly gunzTarPerm modified mode [ 'src/threading.h', 438, 420 ]
547 silly gunzTarPerm extractEntry test/affected.test.js
548 silly gunzTarPerm modified mode [ 'test/affected.test.js', 438, 420 ]
549 silly gunzTarPerm extractEntry test/extension.test.js
550 silly gunzTarPerm modified mode [ 'test/extension.test.js', 438, 420 ]
551 silly gunzTarPerm extractEntry test/map.test.js
552 silly gunzTarPerm modified mode [ 'test/map.test.js', 438, 420 ]
553 silly gunzTarPerm extractEntry test/named_columns.test.js
554 silly gunzTarPerm modified mode [ 'test/named_columns.test.js', 438, 420 ]
555 silly gunzTarPerm extractEntry test/named_params.test.js
556 silly gunzTarPerm modified mode [ 'test/named_params.test.js', 438, 420 ]
557 silly gunzTarPerm extractEntry test/exec.test.js
558 silly gunzTarPerm modified mode [ 'test/exec.test.js', 438, 420 ]
559 silly gunzTarPerm extractEntry test/open_close.test.js
560 silly gunzTarPerm modified mode [ 'test/open_close.test.js', 438, 420 ]
561 silly gunzTarPerm extractEntry test/other_objects.test.js
562 silly gunzTarPerm modified mode [ 'test/other_objects.test.js', 438, 420 ]
563 silly gunzTarPerm extractEntry test/parallel_insert.test.js
564 silly gunzTarPerm modified mode [ 'test/parallel_insert.test.js', 438, 420 ]
565 silly gunzTarPerm extractEntry test/prepare.test.js
566 silly gunzTarPerm modified mode [ 'test/prepare.test.js', 438, 420 ]
567 silly gunzTarPerm extractEntry test/profile.test.js
568 silly gunzTarPerm modified mode [ 'test/profile.test.js', 438, 420 ]
569 silly gunzTarPerm extractEntry test/each.test.js
570 silly gunzTarPerm modified mode [ 'test/each.test.js', 438, 420 ]
571 silly gunzTarPerm extractEntry test/rerun.test.js
572 silly gunzTarPerm modified mode [ 'test/rerun.test.js', 438, 420 ]
573 silly gunzTarPerm extractEntry test/database_fail.test.js
574 silly gunzTarPerm modified mode [ 'test/database_fail.test.js', 438, 420 ]
575 silly gunzTarPerm extractEntry test/scheduling.test.js
576 silly gunzTarPerm modified mode [ 'test/scheduling.test.js', 438, 420 ]
577 silly gunzTarPerm extractEntry test/constants.test.js
578 silly gunzTarPerm modified mode [ 'test/constants.test.js', 438, 420 ]
579 silly gunzTarPerm extractEntry test/serialization.test.js
580 silly gunzTarPerm modified mode [ 'test/serialization.test.js', 438, 420 ]
581 silly gunzTarPerm extractEntry test/cache.test.js
582 silly gunzTarPerm modified mode [ 'test/cache.test.js', 438, 420 ]
583 silly gunzTarPerm extractEntry test/trace.test.js
584 silly gunzTarPerm modified mode [ 'test/trace.test.js', 438, 420 ]
585 silly gunzTarPerm extractEntry test/blob.test.js
586 silly gunzTarPerm modified mode [ 'test/blob.test.js', 438, 420 ]
587 silly gunzTarPerm extractEntry test/unicode.test.js
588 silly gunzTarPerm modified mode [ 'test/unicode.test.js', 438, 420 ]
589 silly gunzTarPerm extractEntry test/null_error.test.js
590 silly gunzTarPerm modified mode [ 'test/null_error.test.js', 438, 420 ]
591 silly gunzTarPerm extractEntry test/support/createdb.js
592 silly gunzTarPerm modified mode [ 'test/support/createdb.js', 438, 420 ]
593 silly gunzTarPerm extractEntry test/support/helper.js
594 silly gunzTarPerm modified mode [ 'test/support/helper.js', 438, 420 ]
595 silly gunzTarPerm extractEntry test/support/elmo.png
596 silly gunzTarPerm modified mode [ 'test/support/elmo.png', 438, 420 ]
597 silly gunzTarPerm extractEntry test/support/prepare.db
598 silly gunzTarPerm modified mode [ 'test/support/prepare.db', 438, 420 ]
599 silly gunzTarPerm extractEntry test/support/script.sql
600 silly gunzTarPerm modified mode [ 'test/support/script.sql', 438, 420 ]
601 verbose read json C:\Users\Bill Yeh\workspace\HymnalBackend\HymnalNodeServe\node_modules\sqlite3\package.json
602 silly lockFile bd173d98-alNodeServe-node-modules-sqlite3 C:\Users\Bill Yeh\workspace\HymnalBackend\HymnalNodeServe\node_modules\sqlite3
603 info preinstall sqlite3@2.1.5
604 verbose from cache C:\Users\Bill Yeh\workspace\HymnalBackend\HymnalNodeServe\node_modules\sqlite3\package.json
605 verbose readDependencies using package.json deps
606 verbose from cache C:\Users\Bill Yeh\workspace\HymnalBackend\HymnalNodeServe\node_modules\sqlite3\package.json
607 verbose readDependencies using package.json deps
608 silly resolved []
609 verbose about to build C:\Users\Bill Yeh\workspace\HymnalBackend\HymnalNodeServe\node_modules\sqlite3
610 info build C:\Users\Bill Yeh\workspace\HymnalBackend\HymnalNodeServe\node_modules\sqlite3
611 verbose from cache C:\Users\Bill Yeh\workspace\HymnalBackend\HymnalNodeServe\node_modules\sqlite3\package.json
612 verbose linkStuff [ false,
612 verbose linkStuff   false,
612 verbose linkStuff   false,
612 verbose linkStuff   'C:\\Users\\Bill Yeh\\workspace\\HymnalBackend\\HymnalNodeServe\\node_modules' ]
613 info linkStuff sqlite3@2.1.5
614 verbose linkBins sqlite3@2.1.5
615 verbose linkMans sqlite3@2.1.5
616 verbose rebuildBundles sqlite3@2.1.5
617 info install sqlite3@2.1.5
618 verbose unsafe-perm in lifecycle true
619 silly exec cmd "/c" "node-gyp rebuild"
620 silly cmd,/c,node-gyp rebuild,C:\Users\Bill Yeh\workspace\HymnalBackend\HymnalNodeServe\node_modules\sqlite3 spawning
621 info sqlite3@2.1.5 Failed to exec install script
622 info C:\Users\Bill Yeh\workspace\HymnalBackend\HymnalNodeServe\node_modules\sqlite3 unbuild
623 verbose from cache C:\Users\Bill Yeh\workspace\HymnalBackend\HymnalNodeServe\node_modules\sqlite3\package.json
624 info preuninstall sqlite3@2.1.5
625 info uninstall sqlite3@2.1.5
626 verbose true,C:\Users\Bill Yeh\workspace\HymnalBackend\HymnalNodeServe\node_modules,C:\Users\Bill Yeh\workspace\HymnalBackend\HymnalNodeServe\node_modules unbuild sqlite3@2.1.5
627 info postuninstall sqlite3@2.1.5
628 error sqlite3@2.1.5 install: `node-gyp rebuild`
628 error `cmd "/c" "node-gyp rebuild"` failed with 1
629 error Failed at the sqlite3@2.1.5 install script.
629 error This is most likely a problem with the sqlite3 package,
629 error not with npm itself.
629 error Tell the author that this fails on your system:
629 error     node-gyp rebuild
629 error You can get their info via:
629 error     npm owner ls sqlite3
629 error There is likely additional logging output above.
630 error System Windows_NT 6.1.7601
631 error command "C:\\Program Files\\nodejs\\\\node.exe" "C:\\Program Files\\nodejs\\node_modules\\npm\\bin\\npm-cli.js" "install" "sqlite3"
632 error cwd C:\Users\Bill Yeh\workspace\HymnalBackend\HymnalNodeServe
633 error node -v v0.8.11
634 error npm -v 1.1.62
635 error code ELIFECYCLE
636 verbose exit [ 1, true ]
